CRITICAL - 2023-12-11 00:49:30 --> Undefined array key "sid"
in APPPATH\Controllers\UserController.php on line 100.
 1 APPPATH\Controllers\UserController.php(100): CodeIgniter\Debug\Exceptions->errorHandler(2, 'Undefined array key "sid"', 'C:\\xampp\\htdocs\\codeigniter4-crud-app\\app\\Controllers\\UserController.php', 100)
 2 SYSTEMPATH\CodeIgniter.php(942): App\Controllers\UserController->userUpdate()
 3 SYSTEMPATH\CodeIgniter.php(502): CodeIgniter\CodeIgniter->runController(Object(App\Controllers\UserController))
 4 SYSTEMPATH\CodeIgniter.php(361): CodeIgniter\CodeIgniter->handleRequest(null, Object(Config\Cache), false)
 5 FCPATH\index.php(79): CodeIgniter\CodeIgniter->run()
CRITICAL - 2023-12-11 00:52:12 --> Undefined array key "sid"
in APPPATH\Controllers\UserController.php on line 100.
 1 APPPATH\Controllers\UserController.php(100): CodeIgniter\Debug\Exceptions->errorHandler(2, 'Undefined array key "sid"', 'C:\\xampp\\htdocs\\codeigniter4-crud-app\\app\\Controllers\\UserController.php', 100)
 2 SYSTEMPATH\CodeIgniter.php(942): App\Controllers\UserController->userUpdate()
 3 SYSTEMPATH\CodeIgniter.php(502): CodeIgniter\CodeIgniter->runController(Object(App\Controllers\UserController))
 4 SYSTEMPATH\CodeIgniter.php(361): CodeIgniter\CodeIgniter->handleRequest(null, Object(Config\Cache), false)
 5 FCPATH\index.php(79): CodeIgniter\CodeIgniter->run()
CRITICAL - 2023-12-11 00:52:14 --> Undefined array key "sid"
in APPPATH\Controllers\UserController.php on line 100.
 1 APPPATH\Controllers\UserController.php(100): CodeIgniter\Debug\Exceptions->errorHandler(2, 'Undefined array key "sid"', 'C:\\xampp\\htdocs\\codeigniter4-crud-app\\app\\Controllers\\UserController.php', 100)
 2 SYSTEMPATH\CodeIgniter.php(942): App\Controllers\UserController->userUpdate()
 3 SYSTEMPATH\CodeIgniter.php(502): CodeIgniter\CodeIgniter->runController(Object(App\Controllers\UserController))
 4 SYSTEMPATH\CodeIgniter.php(361): CodeIgniter\CodeIgniter->handleRequest(null, Object(Config\Cache), false)
 5 FCPATH\index.php(79): CodeIgniter\CodeIgniter->run()
CRITICAL - 2023-12-11 00:53:29 --> Undefined array key "sid"
in APPPATH\Controllers\UserController.php on line 100.
 1 APPPATH\Controllers\UserController.php(100): CodeIgniter\Debug\Exceptions->errorHandler(2, 'Undefined array key "sid"', 'C:\\xampp\\htdocs\\codeigniter4-crud-app\\app\\Controllers\\UserController.php', 100)
 2 SYSTEMPATH\CodeIgniter.php(942): App\Controllers\UserController->userUpdate()
 3 SYSTEMPATH\CodeIgniter.php(502): CodeIgniter\CodeIgniter->runController(Object(App\Controllers\UserController))
 4 SYSTEMPATH\CodeIgniter.php(361): CodeIgniter\CodeIgniter->handleRequest(null, Object(Config\Cache), false)
 5 FCPATH\index.php(79): CodeIgniter\CodeIgniter->run()
CRITICAL - 2023-12-11 00:54:45 --> Undefined array key "sid"
in APPPATH\Controllers\UserController.php on line 100.
 1 APPPATH\Controllers\UserController.php(100): CodeIgniter\Debug\Exceptions->errorHandler(2, 'Undefined array key "sid"', 'C:\\xampp\\htdocs\\codeigniter4-crud-app\\app\\Controllers\\UserController.php', 100)
 2 SYSTEMPATH\CodeIgniter.php(942): App\Controllers\UserController->userUpdate()
 3 SYSTEMPATH\CodeIgniter.php(502): CodeIgniter\CodeIgniter->runController(Object(App\Controllers\UserController))
 4 SYSTEMPATH\CodeIgniter.php(361): CodeIgniter\CodeIgniter->handleRequest(null, Object(Config\Cache), false)
 5 FCPATH\index.php(79): CodeIgniter\CodeIgniter->run()
INFO - 2023-12-11 01:30:27 --> Session: Class initialized using 'CodeIgniter\Session\Handlers\FileHandler' driver.
INFO - 2023-12-11 01:30:30 --> Session: Class initialized using 'CodeIgniter\Session\Handlers\FileHandler' driver.
INFO - 2023-12-11 01:30:31 --> Session: Class initialized using 'CodeIgniter\Session\Handlers\FileHandler' driver.
INFO - 2023-12-11 01:30:32 --> Session: Class initialized using 'CodeIgniter\Session\Handlers\FileHandler' driver.
INFO - 2023-12-11 02:31:34 --> Session: Class initialized using 'CodeIgniter\Session\Handlers\FileHandler' driver.
INFO - 2023-12-11 02:31:59 --> Session: Class initialized using 'CodeIgniter\Session\Handlers\FileHandler' driver.
INFO - 2023-12-11 02:33:01 --> Session: Class initialized using 'CodeIgniter\Session\Handlers\FileHandler' driver.
INFO - 2023-12-11 02:33:34 --> Session: Class initialized using 'CodeIgniter\Session\Handlers\FileHandler' driver.
INFO - 2023-12-11 02:40:39 --> Session: Class initialized using 'CodeIgniter\Session\Handlers\FileHandler' driver.
INFO - 2023-12-11 02:42:06 --> Session: Class initialized using 'CodeIgniter\Session\Handlers\FileHandler' driver.
INFO - 2023-12-11 02:42:14 --> Session: Class initialized using 'CodeIgniter\Session\Handlers\FileHandler' driver.
INFO - 2023-12-11 02:42:16 --> Session: Class initialized using 'CodeIgniter\Session\Handlers\FileHandler' driver.
INFO - 2023-12-11 02:43:50 --> Session: Class initialized using 'CodeIgniter\Session\Handlers\FileHandler' driver.
INFO - 2023-12-11 02:43:51 --> Session: Class initialized using 'CodeIgniter\Session\Handlers\FileHandler' driver.
INFO - 2023-12-11 02:43:51 --> Session: Class initialized using 'CodeIgniter\Session\Handlers\FileHandler' driver.
INFO - 2023-12-11 02:43:51 --> Session: Class initialized using 'CodeIgniter\Session\Handlers\FileHandler' driver.
INFO - 2023-12-11 02:43:51 --> Session: Class initialized using 'CodeIgniter\Session\Handlers\FileHandler' driver.
